{"uuid":"014d2dad-39e6-45f1-bdbe-d15a49ee4e1f","historyId":"881c29362129713ef3cc885e82de80ae","fullName":"src/test/resources/features/NavigationValidationfromManageProgramtootherPages.feature:12","labels":[{"name":"tag","value":"tagNavigationValidationfromManageProgramtootherPages"},{"name":"host","value":"DESKTOP-8BTSRPD"},{"name":"thread","value":"35852@DESKTOP-8BTSRPD.main(1)"},{"name":"feature","value":"NavigationValidationfromManageProgramtootherPagesone"},{"name":"story","value":"User link on navigation bar"},{"name":"suite","value":"NavigationValidationfromManageProgramtootherPagesone"},{"name":"testClass","value":"User link on navigation bar"},{"name":"framework","value":"cucumber4jvm"},{"name":"language","value":"java"},{"name":"gherkin_uri","value":"file:///C:/Users/banda/git/Team7_TechTesters_selenium/LMS_seleniumPhase2/src/test/resources/features/NavigationValidationfromManageProgramtootherPages.feature"},{"name":"package","value":"src.test.resources.features.NavigationValidationfromManageProgramtootherPages_feature.NavigationValidationfromManageProgramtootherPagesone"}],"links":[],"name":"User link on navigation bar","status":"broken","statusDetails":{"known":false,"muted":false,"flaky":false,"message":"element click intercepted: Element <span class=\"ng-tns-c78-0 ng-star-inserted\">...</span> is not clickable at point (582, 411). Other element would receive the click: <input _ngcontent-tsq-c85=\"\" id=\"username\" matinput=\"\" formcontrolname=\"userLoginEmailId\" required=\"\" class=\"mat-input-element mat-form-field-autofill-control ng-tns-c78-0 ng-untouched ng-pristine ng-invalid cdk-text-field-autofill-monitored\" data-placeholder=\"User\" aria-invalid=\"false\" aria-required=\"true\">\n  (Session info: chrome=124.0.6367.91)\nBuild info: version: '4.15.0', revision: '1d14b5521b'\nSystem info: os.name: 'Windows 11', os.arch: 'amd64', os.version: '10.0', java.version: '17.0.7'\nDriver info: org.openqa.selenium.chrome.ChromeDriver\nCommand: [585a6e45606e99f2b07056189e060b13, clickElement {id=f.308E454CCB13E7EEE8FE40874F4CA7EB.d.C560ECC15FB31B0F079853ED4B000980.e.97}]\nCapabilities {acceptInsecureCerts: false, browserName: chrome, browserVersion: 124.0.6367.91, chrome: {chromedriverVersion: 124.0.6367.91 (51df0e5e17a8..., userDataDir: C:\\Users\\banda\\AppData\\Loca...}, fedcm:accounts: true, goog:chromeOptions: {debuggerAddress: localhost:64086}, networkConnectionEnabled: false, pageLoadStrategy: normal, platformName: windows, proxy: Proxy(), se:cdp: ws://localhost:64086/devtoo..., se:cdpVersion: 124.0.6367.91, setWindowRect: true, strictFileInteractability: false, timeouts: {implicit: 0, pageLoad: 300000, script: 30000}, unhandledPromptBehavior: dismiss and notify, webauthn:extension:credBlob: true, webauthn:extension:largeBlob: true, webauthn:extension:minPinLength: true, webauthn:extension:prf: true, webauthn:virtualAuthenticators: true}\nElement: [[ChromeDriver: chrome on windows (585a6e45606e99f2b07056189e060b13)] -> xpath: //span[normalize-space()='User']]\nSession ID: 585a6e45606e99f2b07056189e060b13","trace":"org.openqa.selenium.ElementClickInterceptedException: element click intercepted: Element <span class=\"ng-tns-c78-0 ng-star-inserted\">...</span> is not clickable at point (582, 411). Other element would receive the click: <input _ngcontent-tsq-c85=\"\" id=\"username\" matinput=\"\" formcontrolname=\"userLoginEmailId\" required=\"\" class=\"mat-input-element mat-form-field-autofill-control ng-tns-c78-0 ng-untouched ng-pristine ng-invalid cdk-text-field-autofill-monitored\" data-placeholder=\"User\" aria-invalid=\"false\" aria-required=\"true\">\n  (Session info: chrome=124.0.6367.91)\nBuild info: version: '4.15.0', revision: '1d14b5521b'\nSystem info: os.name: 'Windows 11', os.arch: 'amd64', os.version: '10.0', java.version: '17.0.7'\nDriver info: org.openqa.selenium.chrome.ChromeDriver\nCommand: [585a6e45606e99f2b07056189e060b13, clickElement {id=f.308E454CCB13E7EEE8FE40874F4CA7EB.d.C560ECC15FB31B0F079853ED4B000980.e.97}]\nCapabilities {acceptInsecureCerts: false, browserName: chrome, browserVersion: 124.0.6367.91, chrome: {chromedriverVersion: 124.0.6367.91 (51df0e5e17a8..., userDataDir: C:\\Users\\banda\\AppData\\Loca...}, fedcm:accounts: true, goog:chromeOptions: {debuggerAddress: localhost:64086}, networkConnectionEnabled: false, pageLoadStrategy: normal, platformName: windows, proxy: Proxy(), se:cdp: ws://localhost:64086/devtoo..., se:cdpVersion: 124.0.6367.91, setWindowRect: true, strictFileInteractability: false, timeouts: {implicit: 0, pageLoad: 300000, script: 30000}, unhandledPromptBehavior: dismiss and notify, webauthn:extension:credBlob: true, webauthn:extension:largeBlob: true, webauthn:extension:minPinLength: true, webauthn:extension:prf: true, webauthn:virtualAuthenticators: true}\nElement: [[ChromeDriver: chrome on windows (585a6e45606e99f2b07056189e060b13)] -> xpath: //span[normalize-space()='User']]\nSession ID: 585a6e45606e99f2b07056189e060b13\r\n\tat java.base/jdk.internal.reflect.NativeConstructorAccessorImpl.newInstance0(Native Method)\r\n\tat java.base/jdk.internal.reflect.NativeConstructorAccessorImpl.newInstance(NativeConstructorAccessorImpl.java:77)\r\n\tat java.base/jdk.internal.reflect.DelegatingConstructorAccessorImpl.newInstance(DelegatingConstructorAccessorImpl.java:45)\r\n\tat java.base/java.lang.reflect.Constructor.newInstanceWithCaller(Constructor.java:499)\r\n\tat java.base/java.lang.reflect.Constructor.newInstance(Constructor.java:480)\r\n\tat org.openqa.selenium.remote.codec.w3c.W3CHttpResponseCodec.createException(W3CHttpResponseCodec.java:200)\r\n\tat org.openqa.selenium.remote.codec.w3c.W3CHttpResponseCodec.decode(W3CHttpResponseCodec.java:133)\r\n\tat org.openqa.selenium.remote.codec.w3c.W3CHttpResponseCodec.decode(W3CHttpResponseCodec.java:52)\r\n\tat org.openqa.selenium.remote.HttpCommandExecutor.execute(HttpCommandExecutor.java:191)\r\n\tat org.openqa.selenium.remote.service.DriverCommandExecutor.invokeExecute(DriverCommandExecutor.java:200)\r\n\tat org.openqa.selenium.remote.service.DriverCommandExecutor.execute(DriverCommandExecutor.java:175)\r\n\tat org.openqa.selenium.remote.RemoteWebDriver.execute(RemoteWebDriver.java:607)\r\n\tat org.openqa.selenium.remote.RemoteWebElement.execute(RemoteWebElement.java:224)\r\n\tat org.openqa.selenium.remote.RemoteWebElement.click(RemoteWebElement.java:77)\r\n\tat com.LMS.pageobjects.NavigationValidationfromManageProgramtootherPagesPage.clickuserbtn(NavigationValidationfromManageProgramtootherPagesPage.java:72)\r\n\tat com.LMS.stepdefenition.NavigationValidationfromManageProgramtootherPages_SD.admin_clicks_on_user_link_on_manage_program_page(NavigationValidationfromManageProgramtootherPages_SD.java:49)\r\n\tat ✽.Admin clicks on User link on Manage Program page(file:///C:/Users/banda/git/Team7_TechTesters_selenium/LMS_seleniumPhase2/src/test/resources/features/NavigationValidationfromManageProgramtootherPages.feature:14)\r\n"},"stage":"finished","steps":[{"name":"Given  Admin is on Manage Program page","status":"passed","statusDetails":{"known":false,"muted":false,"flaky":false},"stage":"finished","steps":[],"attachments":[],"parameters":[],"start":1714428497797,"stop":1714428498685},{"name":"When  Admin clicks on User link on Manage Program page","status":"broken","statusDetails":{"known":false,"muted":false,"flaky":false,"message":"element click intercepted: Element <span class=\"ng-tns-c78-0 ng-star-inserted\">...</span> is not clickable at point (582, 411). Other element would receive the click: <input _ngcontent-tsq-c85=\"\" id=\"username\" matinput=\"\" formcontrolname=\"userLoginEmailId\" required=\"\" class=\"mat-input-element mat-form-field-autofill-control ng-tns-c78-0 ng-untouched ng-pristine ng-invalid cdk-text-field-autofill-monitored\" data-placeholder=\"User\" aria-invalid=\"false\" aria-required=\"true\">\n  (Session info: chrome=124.0.6367.91)\nBuild info: version: '4.15.0', revision: '1d14b5521b'\nSystem info: os.name: 'Windows 11', os.arch: 'amd64', os.version: '10.0', java.version: '17.0.7'\nDriver info: org.openqa.selenium.chrome.ChromeDriver\nCommand: [585a6e45606e99f2b07056189e060b13, clickElement {id=f.308E454CCB13E7EEE8FE40874F4CA7EB.d.C560ECC15FB31B0F079853ED4B000980.e.97}]\nCapabilities {acceptInsecureCerts: false, browserName: chrome, browserVersion: 124.0.6367.91, chrome: {chromedriverVersion: 124.0.6367.91 (51df0e5e17a8..., userDataDir: C:\\Users\\banda\\AppData\\Loca...}, fedcm:accounts: true, goog:chromeOptions: {debuggerAddress: localhost:64086}, networkConnectionEnabled: false, pageLoadStrategy: normal, platformName: windows, proxy: Proxy(), se:cdp: ws://localhost:64086/devtoo..., se:cdpVersion: 124.0.6367.91, setWindowRect: true, strictFileInteractability: false, timeouts: {implicit: 0, pageLoad: 300000, script: 30000}, unhandledPromptBehavior: dismiss and notify, webauthn:extension:credBlob: true, webauthn:extension:largeBlob: true, webauthn:extension:minPinLength: true, webauthn:extension:prf: true, webauthn:virtualAuthenticators: true}\nElement: [[ChromeDriver: chrome on windows (585a6e45606e99f2b07056189e060b13)] -> xpath: //span[normalize-space()='User']]\nSession ID: 585a6e45606e99f2b07056189e060b13","trace":"org.openqa.selenium.ElementClickInterceptedException: element click intercepted: Element <span class=\"ng-tns-c78-0 ng-star-inserted\">...</span> is not clickable at point (582, 411). Other element would receive the click: <input _ngcontent-tsq-c85=\"\" id=\"username\" matinput=\"\" formcontrolname=\"userLoginEmailId\" required=\"\" class=\"mat-input-element mat-form-field-autofill-control ng-tns-c78-0 ng-untouched ng-pristine ng-invalid cdk-text-field-autofill-monitored\" data-placeholder=\"User\" aria-invalid=\"false\" aria-required=\"true\">\n  (Session info: chrome=124.0.6367.91)\nBuild info: version: '4.15.0', revision: '1d14b5521b'\nSystem info: os.name: 'Windows 11', os.arch: 'amd64', os.version: '10.0', java.version: '17.0.7'\nDriver info: org.openqa.selenium.chrome.ChromeDriver\nCommand: [585a6e45606e99f2b07056189e060b13, clickElement {id=f.308E454CCB13E7EEE8FE40874F4CA7EB.d.C560ECC15FB31B0F079853ED4B000980.e.97}]\nCapabilities {acceptInsecureCerts: false, browserName: chrome, browserVersion: 124.0.6367.91, chrome: {chromedriverVersion: 124.0.6367.91 (51df0e5e17a8..., userDataDir: C:\\Users\\banda\\AppData\\Loca...}, fedcm:accounts: true, goog:chromeOptions: {debuggerAddress: localhost:64086}, networkConnectionEnabled: false, pageLoadStrategy: normal, platformName: windows, proxy: Proxy(), se:cdp: ws://localhost:64086/devtoo..., se:cdpVersion: 124.0.6367.91, setWindowRect: true, strictFileInteractability: false, timeouts: {implicit: 0, pageLoad: 300000, script: 30000}, unhandledPromptBehavior: dismiss and notify, webauthn:extension:credBlob: true, webauthn:extension:largeBlob: true, webauthn:extension:minPinLength: true, webauthn:extension:prf: true, webauthn:virtualAuthenticators: true}\nElement: [[ChromeDriver: chrome on windows (585a6e45606e99f2b07056189e060b13)] -> xpath: //span[normalize-space()='User']]\nSession ID: 585a6e45606e99f2b07056189e060b13\r\n\tat java.base/jdk.internal.reflect.NativeConstructorAccessorImpl.newInstance0(Native Method)\r\n\tat java.base/jdk.internal.reflect.NativeConstructorAccessorImpl.newInstance(NativeConstructorAccessorImpl.java:77)\r\n\tat java.base/jdk.internal.reflect.DelegatingConstructorAccessorImpl.newInstance(DelegatingConstructorAccessorImpl.java:45)\r\n\tat java.base/java.lang.reflect.Constructor.newInstanceWithCaller(Constructor.java:499)\r\n\tat java.base/java.lang.reflect.Constructor.newInstance(Constructor.java:480)\r\n\tat org.openqa.selenium.remote.codec.w3c.W3CHttpResponseCodec.createException(W3CHttpResponseCodec.java:200)\r\n\tat org.openqa.selenium.remote.codec.w3c.W3CHttpResponseCodec.decode(W3CHttpResponseCodec.java:133)\r\n\tat org.openqa.selenium.remote.codec.w3c.W3CHttpResponseCodec.decode(W3CHttpResponseCodec.java:52)\r\n\tat org.openqa.selenium.remote.HttpCommandExecutor.execute(HttpCommandExecutor.java:191)\r\n\tat org.openqa.selenium.remote.service.DriverCommandExecutor.invokeExecute(DriverCommandExecutor.java:200)\r\n\tat org.openqa.selenium.remote.service.DriverCommandExecutor.execute(DriverCommandExecutor.java:175)\r\n\tat org.openqa.selenium.remote.RemoteWebDriver.execute(RemoteWebDriver.java:607)\r\n\tat org.openqa.selenium.remote.RemoteWebElement.execute(RemoteWebElement.java:224)\r\n\tat org.openqa.selenium.remote.RemoteWebElement.click(RemoteWebElement.java:77)\r\n\tat com.LMS.pageobjects.NavigationValidationfromManageProgramtootherPagesPage.clickuserbtn(NavigationValidationfromManageProgramtootherPagesPage.java:72)\r\n\tat com.LMS.stepdefenition.NavigationValidationfromManageProgramtootherPages_SD.admin_clicks_on_user_link_on_manage_program_page(NavigationValidationfromManageProgramtootherPages_SD.java:49)\r\n\tat ✽.Admin clicks on User link on Manage Program page(file:///C:/Users/banda/git/Team7_TechTesters_selenium/LMS_seleniumPhase2/src/test/resources/features/NavigationValidationfromManageProgramtootherPages.feature:14)\r\n"},"stage":"finished","steps":[],"attachments":[],"parameters":[],"start":1714428498688,"stop":1714428500130},{"name":"Then  Admin is re-directed to User page","status":"skipped","statusDetails":{"known":false,"muted":false,"flaky":false},"stage":"finished","steps":[],"attachments":[],"parameters":[],"start":1714428500146,"stop":1714428500146}],"attachments":[],"parameters":[],"start":1714428497794,"stop":1714428500163}