{"uuid":"380484e7-21bb-458e-92fd-8d59e3645dae","historyId":"16c75163aa94854a9b7828db1827b18b","fullName":"src/test/resources/features/Pagination.feature:5","labels":[{"name":"tag","value":"tagPagination"},{"name":"host","value":"DESKTOP-8BTSRPD"},{"name":"thread","value":"30864@DESKTOP-8BTSRPD.main(1)"},{"name":"feature","value":"Paginationone"},{"name":"story","value":"Verify Next page link"},{"name":"suite","value":"Paginationone"},{"name":"testClass","value":"Verify Next page link"},{"name":"framework","value":"cucumber4jvm"},{"name":"language","value":"java"},{"name":"gherkin_uri","value":"file:///C:/Users/banda/git/Team7_TechTesters_selenium/LMS_seleniumPhase2/src/test/resources/features/Pagination.feature"},{"name":"package","value":"src.test.resources.features.Pagination_feature.Paginationone"}],"links":[],"name":"Verify Next page link","status":"broken","statusDetails":{"known":false,"muted":false,"flaky":false,"message":"element click intercepted: Element <span class=\"p-paginator-icon pi pi-angle-right\"></span> is not clickable at point (1182, 323). Other element would receive the click: <td _ngcontent-knq-c220=\"\">...</td>\n  (Session info: chrome=124.0.6367.91)\nBuild info: version: '4.15.0', revision: '1d14b5521b'\nSystem info: os.name: 'Windows 11', os.arch: 'amd64', os.version: '10.0', java.version: '17.0.7'\nDriver info: org.openqa.selenium.chrome.ChromeDriver\nCommand: [d0201a92f6f46b7c3d6344bd2e722bf3, clickElement {id=f.11D87988D9885EE006FED8279E330232.d.5EC4B8CC718E4BE6FE351BE78B3F6FDA.e.23}]\nCapabilities {acceptInsecureCerts: false, browserName: chrome, browserVersion: 124.0.6367.91, chrome: {chromedriverVersion: 124.0.6367.91 (51df0e5e17a8..., userDataDir: C:\\Users\\banda\\AppData\\Loca...}, fedcm:accounts: true, goog:chromeOptions: {debuggerAddress: localhost:49292}, networkConnectionEnabled: false, pageLoadStrategy: normal, platformName: windows, proxy: Proxy(), se:cdp: ws://localhost:49292/devtoo..., se:cdpVersion: 124.0.6367.91, setWindowRect: true, strictFileInteractability: false, timeouts: {implicit: 0, pageLoad: 300000, script: 30000}, unhandledPromptBehavior: dismiss and notify, webauthn:extension:credBlob: true, webauthn:extension:largeBlob: true, webauthn:extension:minPinLength: true, webauthn:extension:prf: true, webauthn:virtualAuthenticators: true}\nElement: [[ChromeDriver: chrome on windows (d0201a92f6f46b7c3d6344bd2e722bf3)] -> xpath: //*[@class='p-paginator-icon pi pi-angle-right']]\nSession ID: d0201a92f6f46b7c3d6344bd2e722bf3","trace":"org.openqa.selenium.ElementClickInterceptedException: element click intercepted: Element <span class=\"p-paginator-icon pi pi-angle-right\"></span> is not clickable at point (1182, 323). Other element would receive the click: <td _ngcontent-knq-c220=\"\">...</td>\n  (Session info: chrome=124.0.6367.91)\nBuild info: version: '4.15.0', revision: '1d14b5521b'\nSystem info: os.name: 'Windows 11', os.arch: 'amd64', os.version: '10.0', java.version: '17.0.7'\nDriver info: org.openqa.selenium.chrome.ChromeDriver\nCommand: [d0201a92f6f46b7c3d6344bd2e722bf3, clickElement {id=f.11D87988D9885EE006FED8279E330232.d.5EC4B8CC718E4BE6FE351BE78B3F6FDA.e.23}]\nCapabilities {acceptInsecureCerts: false, browserName: chrome, browserVersion: 124.0.6367.91, chrome: {chromedriverVersion: 124.0.6367.91 (51df0e5e17a8..., userDataDir: C:\\Users\\banda\\AppData\\Loca...}, fedcm:accounts: true, goog:chromeOptions: {debuggerAddress: localhost:49292}, networkConnectionEnabled: false, pageLoadStrategy: normal, platformName: windows, proxy: Proxy(), se:cdp: ws://localhost:49292/devtoo..., se:cdpVersion: 124.0.6367.91, setWindowRect: true, strictFileInteractability: false, timeouts: {implicit: 0, pageLoad: 300000, script: 30000}, unhandledPromptBehavior: dismiss and notify, webauthn:extension:credBlob: true, webauthn:extension:largeBlob: true, webauthn:extension:minPinLength: true, webauthn:extension:prf: true, webauthn:virtualAuthenticators: true}\nElement: [[ChromeDriver: chrome on windows (d0201a92f6f46b7c3d6344bd2e722bf3)] -> xpath: //*[@class='p-paginator-icon pi pi-angle-right']]\nSession ID: d0201a92f6f46b7c3d6344bd2e722bf3\r\n\tat java.base/jdk.internal.reflect.NativeConstructorAccessorImpl.newInstance0(Native Method)\r\n\tat java.base/jdk.internal.reflect.NativeConstructorAccessorImpl.newInstance(NativeConstructorAccessorImpl.java:77)\r\n\tat java.base/jdk.internal.reflect.DelegatingConstructorAccessorImpl.newInstance(DelegatingConstructorAccessorImpl.java:45)\r\n\tat java.base/java.lang.reflect.Constructor.newInstanceWithCaller(Constructor.java:499)\r\n\tat java.base/java.lang.reflect.Constructor.newInstance(Constructor.java:480)\r\n\tat org.openqa.selenium.remote.codec.w3c.W3CHttpResponseCodec.createException(W3CHttpResponseCodec.java:200)\r\n\tat org.openqa.selenium.remote.codec.w3c.W3CHttpResponseCodec.decode(W3CHttpResponseCodec.java:133)\r\n\tat org.openqa.selenium.remote.codec.w3c.W3CHttpResponseCodec.decode(W3CHttpResponseCodec.java:52)\r\n\tat org.openqa.selenium.remote.HttpCommandExecutor.execute(HttpCommandExecutor.java:191)\r\n\tat org.openqa.selenium.remote.service.DriverCommandExecutor.invokeExecute(DriverCommandExecutor.java:200)\r\n\tat org.openqa.selenium.remote.service.DriverCommandExecutor.execute(DriverCommandExecutor.java:175)\r\n\tat org.openqa.selenium.remote.RemoteWebDriver.execute(RemoteWebDriver.java:607)\r\n\tat org.openqa.selenium.remote.RemoteWebElement.execute(RemoteWebElement.java:224)\r\n\tat org.openqa.selenium.remote.RemoteWebElement.click(RemoteWebElement.java:77)\r\n\tat com.LMS.pageobjects.PaginationPage.clicknext(PaginationPage.java:54)\r\n\tat com.LMS.stepdefenition.Pagination_SD.admin_clicks_next_page_link_on_the_program_table(Pagination_SD.java:30)\r\n\tat ✽.Admin clicks Next page link on the program table(file:///C:/Users/banda/git/Team7_TechTesters_selenium/LMS_seleniumPhase2/src/test/resources/features/Pagination.feature:7)\r\n"},"stage":"finished","steps":[{"name":"Given  Admin is on Manage Program Page after logged in","status":"passed","statusDetails":{"known":false,"muted":false,"flaky":false},"stage":"finished","steps":[],"attachments":[],"parameters":[],"start":1714336910238,"stop":1714336918063},{"name":"When  Admin clicks Next page link on the program table","status":"broken","statusDetails":{"known":false,"muted":false,"flaky":false,"message":"element click intercepted: Element <span class=\"p-paginator-icon pi pi-angle-right\"></span> is not clickable at point (1182, 323). Other element would receive the click: <td _ngcontent-knq-c220=\"\">...</td>\n  (Session info: chrome=124.0.6367.91)\nBuild info: version: '4.15.0', revision: '1d14b5521b'\nSystem info: os.name: 'Windows 11', os.arch: 'amd64', os.version: '10.0', java.version: '17.0.7'\nDriver info: org.openqa.selenium.chrome.ChromeDriver\nCommand: [d0201a92f6f46b7c3d6344bd2e722bf3, clickElement {id=f.11D87988D9885EE006FED8279E330232.d.5EC4B8CC718E4BE6FE351BE78B3F6FDA.e.23}]\nCapabilities {acceptInsecureCerts: false, browserName: chrome, browserVersion: 124.0.6367.91, chrome: {chromedriverVersion: 124.0.6367.91 (51df0e5e17a8..., userDataDir: C:\\Users\\banda\\AppData\\Loca...}, fedcm:accounts: true, goog:chromeOptions: {debuggerAddress: localhost:49292}, networkConnectionEnabled: false, pageLoadStrategy: normal, platformName: windows, proxy: Proxy(), se:cdp: ws://localhost:49292/devtoo..., se:cdpVersion: 124.0.6367.91, setWindowRect: true, strictFileInteractability: false, timeouts: {implicit: 0, pageLoad: 300000, script: 30000}, unhandledPromptBehavior: dismiss and notify, webauthn:extension:credBlob: true, webauthn:extension:largeBlob: true, webauthn:extension:minPinLength: true, webauthn:extension:prf: true, webauthn:virtualAuthenticators: true}\nElement: [[ChromeDriver: chrome on windows (d0201a92f6f46b7c3d6344bd2e722bf3)] -> xpath: //*[@class='p-paginator-icon pi pi-angle-right']]\nSession ID: d0201a92f6f46b7c3d6344bd2e722bf3","trace":"org.openqa.selenium.ElementClickInterceptedException: element click intercepted: Element <span class=\"p-paginator-icon pi pi-angle-right\"></span> is not clickable at point (1182, 323). Other element would receive the click: <td _ngcontent-knq-c220=\"\">...</td>\n  (Session info: chrome=124.0.6367.91)\nBuild info: version: '4.15.0', revision: '1d14b5521b'\nSystem info: os.name: 'Windows 11', os.arch: 'amd64', os.version: '10.0', java.version: '17.0.7'\nDriver info: org.openqa.selenium.chrome.ChromeDriver\nCommand: [d0201a92f6f46b7c3d6344bd2e722bf3, clickElement {id=f.11D87988D9885EE006FED8279E330232.d.5EC4B8CC718E4BE6FE351BE78B3F6FDA.e.23}]\nCapabilities {acceptInsecureCerts: false, browserName: chrome, browserVersion: 124.0.6367.91, chrome: {chromedriverVersion: 124.0.6367.91 (51df0e5e17a8..., userDataDir: C:\\Users\\banda\\AppData\\Loca...}, fedcm:accounts: true, goog:chromeOptions: {debuggerAddress: localhost:49292}, networkConnectionEnabled: false, pageLoadStrategy: normal, platformName: windows, proxy: Proxy(), se:cdp: ws://localhost:49292/devtoo..., se:cdpVersion: 124.0.6367.91, setWindowRect: true, strictFileInteractability: false, timeouts: {implicit: 0, pageLoad: 300000, script: 30000}, unhandledPromptBehavior: dismiss and notify, webauthn:extension:credBlob: true, webauthn:extension:largeBlob: true, webauthn:extension:minPinLength: true, webauthn:extension:prf: true, webauthn:virtualAuthenticators: true}\nElement: [[ChromeDriver: chrome on windows (d0201a92f6f46b7c3d6344bd2e722bf3)] -> xpath: //*[@class='p-paginator-icon pi pi-angle-right']]\nSession ID: d0201a92f6f46b7c3d6344bd2e722bf3\r\n\tat java.base/jdk.internal.reflect.NativeConstructorAccessorImpl.newInstance0(Native Method)\r\n\tat java.base/jdk.internal.reflect.NativeConstructorAccessorImpl.newInstance(NativeConstructorAccessorImpl.java:77)\r\n\tat java.base/jdk.internal.reflect.DelegatingConstructorAccessorImpl.newInstance(DelegatingConstructorAccessorImpl.java:45)\r\n\tat java.base/java.lang.reflect.Constructor.newInstanceWithCaller(Constructor.java:499)\r\n\tat java.base/java.lang.reflect.Constructor.newInstance(Constructor.java:480)\r\n\tat org.openqa.selenium.remote.codec.w3c.W3CHttpResponseCodec.createException(W3CHttpResponseCodec.java:200)\r\n\tat org.openqa.selenium.remote.codec.w3c.W3CHttpResponseCodec.decode(W3CHttpResponseCodec.java:133)\r\n\tat org.openqa.selenium.remote.codec.w3c.W3CHttpResponseCodec.decode(W3CHttpResponseCodec.java:52)\r\n\tat org.openqa.selenium.remote.HttpCommandExecutor.execute(HttpCommandExecutor.java:191)\r\n\tat org.openqa.selenium.remote.service.DriverCommandExecutor.invokeExecute(DriverCommandExecutor.java:200)\r\n\tat org.openqa.selenium.remote.service.DriverCommandExecutor.execute(DriverCommandExecutor.java:175)\r\n\tat org.openqa.selenium.remote.RemoteWebDriver.execute(RemoteWebDriver.java:607)\r\n\tat org.openqa.selenium.remote.RemoteWebElement.execute(RemoteWebElement.java:224)\r\n\tat org.openqa.selenium.remote.RemoteWebElement.click(RemoteWebElement.java:77)\r\n\tat com.LMS.pageobjects.PaginationPage.clicknext(PaginationPage.java:54)\r\n\tat com.LMS.stepdefenition.Pagination_SD.admin_clicks_next_page_link_on_the_program_table(Pagination_SD.java:30)\r\n\tat ✽.Admin clicks Next page link on the program table(file:///C:/Users/banda/git/Team7_TechTesters_selenium/LMS_seleniumPhase2/src/test/resources/features/Pagination.feature:7)\r\n"},"stage":"finished","steps":[],"attachments":[],"parameters":[],"start":1714336918077,"stop":1714336919597},{"name":"Then  Admin should see the Pagination has \"Next\" active link","status":"skipped","statusDetails":{"known":false,"muted":false,"flaky":false},"stage":"finished","steps":[],"attachments":[],"parameters":[],"start":1714336919597,"stop":1714336919597}],"attachments":[],"parameters":[],"start":1714336909977,"stop":1714336919631}