{"uuid":"c6ff214d-2d84-434d-900a-452051e29fdc","historyId":"16c75163aa94854a9b7828db1827b18b","fullName":"src/test/resources/features/Pagination.feature:5","labels":[{"name":"tag","value":"tagPagination"},{"name":"host","value":"DESKTOP-8BTSRPD"},{"name":"thread","value":"40672@DESKTOP-8BTSRPD.main(1)"},{"name":"feature","value":"Paginationone"},{"name":"story","value":"Verify Next page link"},{"name":"suite","value":"Paginationone"},{"name":"testClass","value":"Verify Next page link"},{"name":"framework","value":"cucumber4jvm"},{"name":"language","value":"java"},{"name":"gherkin_uri","value":"file:///C:/Users/banda/git/Team7_TechTesters_selenium/LMS_seleniumPhase2/src/test/resources/features/Pagination.feature"},{"name":"package","value":"src.test.resources.features.Pagination_feature.Paginationone"}],"links":[],"name":"Verify Next page link","status":"broken","statusDetails":{"known":false,"muted":false,"flaky":false,"message":"element click intercepted: Element <span class=\"p-paginator-icon pi pi-angle-right\"></span> is not clickable at point (1182, 323). Other element would receive the click: <td _ngcontent-hll-c220=\"\">...</td>\n  (Session info: chrome=124.0.6367.91)\nBuild info: version: '4.15.0', revision: '1d14b5521b'\nSystem info: os.name: 'Windows 11', os.arch: 'amd64', os.version: '10.0', java.version: '17.0.7'\nDriver info: org.openqa.selenium.chrome.ChromeDriver\nCommand: [52a7f5731b2026158f85e7b267fa979c, clickElement {id=f.272AB613C54225B6CC426C2E88650698.d.AFADD00EA3DB1C8B13F248A02F8AFBE0.e.23}]\nCapabilities {acceptInsecureCerts: false, browserName: chrome, browserVersion: 124.0.6367.91, chrome: {chromedriverVersion: 124.0.6367.91 (51df0e5e17a8..., userDataDir: C:\\Users\\banda\\AppData\\Loca...}, fedcm:accounts: true, goog:chromeOptions: {debuggerAddress: localhost:50445}, networkConnectionEnabled: false, pageLoadStrategy: normal, platformName: windows, proxy: Proxy(), se:cdp: ws://localhost:50445/devtoo..., se:cdpVersion: 124.0.6367.91, setWindowRect: true, strictFileInteractability: false, timeouts: {implicit: 0, pageLoad: 300000, script: 30000}, unhandledPromptBehavior: dismiss and notify, webauthn:extension:credBlob: true, webauthn:extension:largeBlob: true, webauthn:extension:minPinLength: true, webauthn:extension:prf: true, webauthn:virtualAuthenticators: true}\nElement: [[ChromeDriver: chrome on windows (52a7f5731b2026158f85e7b267fa979c)] -> xpath: //*[@class='p-paginator-icon pi pi-angle-right']]\nSession ID: 52a7f5731b2026158f85e7b267fa979c","trace":"org.openqa.selenium.ElementClickInterceptedException: element click intercepted: Element <span class=\"p-paginator-icon pi pi-angle-right\"></span> is not clickable at point (1182, 323). Other element would receive the click: <td _ngcontent-hll-c220=\"\">...</td>\n  (Session info: chrome=124.0.6367.91)\nBuild info: version: '4.15.0', revision: '1d14b5521b'\nSystem info: os.name: 'Windows 11', os.arch: 'amd64', os.version: '10.0', java.version: '17.0.7'\nDriver info: org.openqa.selenium.chrome.ChromeDriver\nCommand: [52a7f5731b2026158f85e7b267fa979c, clickElement {id=f.272AB613C54225B6CC426C2E88650698.d.AFADD00EA3DB1C8B13F248A02F8AFBE0.e.23}]\nCapabilities {acceptInsecureCerts: false, browserName: chrome, browserVersion: 124.0.6367.91, chrome: {chromedriverVersion: 124.0.6367.91 (51df0e5e17a8..., userDataDir: C:\\Users\\banda\\AppData\\Loca...}, fedcm:accounts: true, goog:chromeOptions: {debuggerAddress: localhost:50445}, networkConnectionEnabled: false, pageLoadStrategy: normal, platformName: windows, proxy: Proxy(), se:cdp: ws://localhost:50445/devtoo..., se:cdpVersion: 124.0.6367.91, setWindowRect: true, strictFileInteractability: false, timeouts: {implicit: 0, pageLoad: 300000, script: 30000}, unhandledPromptBehavior: dismiss and notify, webauthn:extension:credBlob: true, webauthn:extension:largeBlob: true, webauthn:extension:minPinLength: true, webauthn:extension:prf: true, webauthn:virtualAuthenticators: true}\nElement: [[ChromeDriver: chrome on windows (52a7f5731b2026158f85e7b267fa979c)] -> xpath: //*[@class='p-paginator-icon pi pi-angle-right']]\nSession ID: 52a7f5731b2026158f85e7b267fa979c\r\n\tat java.base/jdk.internal.reflect.NativeConstructorAccessorImpl.newInstance0(Native Method)\r\n\tat java.base/jdk.internal.reflect.NativeConstructorAccessorImpl.newInstance(NativeConstructorAccessorImpl.java:77)\r\n\tat java.base/jdk.internal.reflect.DelegatingConstructorAccessorImpl.newInstance(DelegatingConstructorAccessorImpl.java:45)\r\n\tat java.base/java.lang.reflect.Constructor.newInstanceWithCaller(Constructor.java:499)\r\n\tat java.base/java.lang.reflect.Constructor.newInstance(Constructor.java:480)\r\n\tat org.openqa.selenium.remote.codec.w3c.W3CHttpResponseCodec.createException(W3CHttpResponseCodec.java:200)\r\n\tat org.openqa.selenium.remote.codec.w3c.W3CHttpResponseCodec.decode(W3CHttpResponseCodec.java:133)\r\n\tat org.openqa.selenium.remote.codec.w3c.W3CHttpResponseCodec.decode(W3CHttpResponseCodec.java:52)\r\n\tat org.openqa.selenium.remote.HttpCommandExecutor.execute(HttpCommandExecutor.java:191)\r\n\tat org.openqa.selenium.remote.service.DriverCommandExecutor.invokeExecute(DriverCommandExecutor.java:200)\r\n\tat org.openqa.selenium.remote.service.DriverCommandExecutor.execute(DriverCommandExecutor.java:175)\r\n\tat org.openqa.selenium.remote.RemoteWebDriver.execute(RemoteWebDriver.java:607)\r\n\tat org.openqa.selenium.remote.RemoteWebElement.execute(RemoteWebElement.java:224)\r\n\tat org.openqa.selenium.remote.RemoteWebElement.click(RemoteWebElement.java:77)\r\n\tat com.LMS.pageobjects.PaginationPage.clicknext(PaginationPage.java:54)\r\n\tat com.LMS.stepdefenition.Pagination_SD.admin_clicks_next_page_link_on_the_program_table(Pagination_SD.java:30)\r\n\tat ✽.Admin clicks Next page link on the program table(file:///C:/Users/banda/git/Team7_TechTesters_selenium/LMS_seleniumPhase2/src/test/resources/features/Pagination.feature:7)\r\n"},"stage":"finished","steps":[{"name":"Given  Admin is on Manage Program Page after logged in","status":"passed","statusDetails":{"known":false,"muted":false,"flaky":false},"stage":"finished","steps":[],"attachments":[],"parameters":[],"start":1714336721539,"stop":1714336740716},{"name":"When  Admin clicks Next page link on the program table","status":"broken","statusDetails":{"known":false,"muted":false,"flaky":false,"message":"element click intercepted: Element <span class=\"p-paginator-icon pi pi-angle-right\"></span> is not clickable at point (1182, 323). Other element would receive the click: <td _ngcontent-hll-c220=\"\">...</td>\n  (Session info: chrome=124.0.6367.91)\nBuild info: version: '4.15.0', revision: '1d14b5521b'\nSystem info: os.name: 'Windows 11', os.arch: 'amd64', os.version: '10.0', java.version: '17.0.7'\nDriver info: org.openqa.selenium.chrome.ChromeDriver\nCommand: [52a7f5731b2026158f85e7b267fa979c, clickElement {id=f.272AB613C54225B6CC426C2E88650698.d.AFADD00EA3DB1C8B13F248A02F8AFBE0.e.23}]\nCapabilities {acceptInsecureCerts: false, browserName: chrome, browserVersion: 124.0.6367.91, chrome: {chromedriverVersion: 124.0.6367.91 (51df0e5e17a8..., userDataDir: C:\\Users\\banda\\AppData\\Loca...}, fedcm:accounts: true, goog:chromeOptions: {debuggerAddress: localhost:50445}, networkConnectionEnabled: false, pageLoadStrategy: normal, platformName: windows, proxy: Proxy(), se:cdp: ws://localhost:50445/devtoo..., se:cdpVersion: 124.0.6367.91, setWindowRect: true, strictFileInteractability: false, timeouts: {implicit: 0, pageLoad: 300000, script: 30000}, unhandledPromptBehavior: dismiss and notify, webauthn:extension:credBlob: true, webauthn:extension:largeBlob: true, webauthn:extension:minPinLength: true, webauthn:extension:prf: true, webauthn:virtualAuthenticators: true}\nElement: [[ChromeDriver: chrome on windows (52a7f5731b2026158f85e7b267fa979c)] -> xpath: //*[@class='p-paginator-icon pi pi-angle-right']]\nSession ID: 52a7f5731b2026158f85e7b267fa979c","trace":"org.openqa.selenium.ElementClickInterceptedException: element click intercepted: Element <span class=\"p-paginator-icon pi pi-angle-right\"></span> is not clickable at point (1182, 323). Other element would receive the click: <td _ngcontent-hll-c220=\"\">...</td>\n  (Session info: chrome=124.0.6367.91)\nBuild info: version: '4.15.0', revision: '1d14b5521b'\nSystem info: os.name: 'Windows 11', os.arch: 'amd64', os.version: '10.0', java.version: '17.0.7'\nDriver info: org.openqa.selenium.chrome.ChromeDriver\nCommand: [52a7f5731b2026158f85e7b267fa979c, clickElement {id=f.272AB613C54225B6CC426C2E88650698.d.AFADD00EA3DB1C8B13F248A02F8AFBE0.e.23}]\nCapabilities {acceptInsecureCerts: false, browserName: chrome, browserVersion: 124.0.6367.91, chrome: {chromedriverVersion: 124.0.6367.91 (51df0e5e17a8..., userDataDir: C:\\Users\\banda\\AppData\\Loca...}, fedcm:accounts: true, goog:chromeOptions: {debuggerAddress: localhost:50445}, networkConnectionEnabled: false, pageLoadStrategy: normal, platformName: windows, proxy: Proxy(), se:cdp: ws://localhost:50445/devtoo..., se:cdpVersion: 124.0.6367.91, setWindowRect: true, strictFileInteractability: false, timeouts: {implicit: 0, pageLoad: 300000, script: 30000}, unhandledPromptBehavior: dismiss and notify, webauthn:extension:credBlob: true, webauthn:extension:largeBlob: true, webauthn:extension:minPinLength: true, webauthn:extension:prf: true, webauthn:virtualAuthenticators: true}\nElement: [[ChromeDriver: chrome on windows (52a7f5731b2026158f85e7b267fa979c)] -> xpath: //*[@class='p-paginator-icon pi pi-angle-right']]\nSession ID: 52a7f5731b2026158f85e7b267fa979c\r\n\tat java.base/jdk.internal.reflect.NativeConstructorAccessorImpl.newInstance0(Native Method)\r\n\tat java.base/jdk.internal.reflect.NativeConstructorAccessorImpl.newInstance(NativeConstructorAccessorImpl.java:77)\r\n\tat java.base/jdk.internal.reflect.DelegatingConstructorAccessorImpl.newInstance(DelegatingConstructorAccessorImpl.java:45)\r\n\tat java.base/java.lang.reflect.Constructor.newInstanceWithCaller(Constructor.java:499)\r\n\tat java.base/java.lang.reflect.Constructor.newInstance(Constructor.java:480)\r\n\tat org.openqa.selenium.remote.codec.w3c.W3CHttpResponseCodec.createException(W3CHttpResponseCodec.java:200)\r\n\tat org.openqa.selenium.remote.codec.w3c.W3CHttpResponseCodec.decode(W3CHttpResponseCodec.java:133)\r\n\tat org.openqa.selenium.remote.codec.w3c.W3CHttpResponseCodec.decode(W3CHttpResponseCodec.java:52)\r\n\tat org.openqa.selenium.remote.HttpCommandExecutor.execute(HttpCommandExecutor.java:191)\r\n\tat org.openqa.selenium.remote.service.DriverCommandExecutor.invokeExecute(DriverCommandExecutor.java:200)\r\n\tat org.openqa.selenium.remote.service.DriverCommandExecutor.execute(DriverCommandExecutor.java:175)\r\n\tat org.openqa.selenium.remote.RemoteWebDriver.execute(RemoteWebDriver.java:607)\r\n\tat org.openqa.selenium.remote.RemoteWebElement.execute(RemoteWebElement.java:224)\r\n\tat org.openqa.selenium.remote.RemoteWebElement.click(RemoteWebElement.java:77)\r\n\tat com.LMS.pageobjects.PaginationPage.clicknext(PaginationPage.java:54)\r\n\tat com.LMS.stepdefenition.Pagination_SD.admin_clicks_next_page_link_on_the_program_table(Pagination_SD.java:30)\r\n\tat ✽.Admin clicks Next page link on the program table(file:///C:/Users/banda/git/Team7_TechTesters_selenium/LMS_seleniumPhase2/src/test/resources/features/Pagination.feature:7)\r\n"},"stage":"finished","steps":[],"attachments":[],"parameters":[],"start":1714336740730,"stop":1714336742510},{"name":"Then  Admin should see the Pagination has \"Next\" active link","status":"skipped","statusDetails":{"known":false,"muted":false,"flaky":false},"stage":"finished","steps":[],"attachments":[],"parameters":[],"start":1714336742528,"stop":1714336742539}],"attachments":[],"parameters":[],"start":1714336721333,"stop":1714336742574}